make all --print-data-base --no-builtin-variables --no-builtin-rules --question
# GNU Make 4.3
# Built for x86_64-pc-linux-gnu
# Copyright (C) 1988-2020 Free Software Foundation, Inc.
# License GPLv3+: GNU GPL version 3 or later <http://gnu.org/licenses/gpl.html>
# This is free software: you are free to change and redistribute it.
# There is NO WARRANTY, to the extent permitted by law.

# Make data base, printed on Wed May 11 17:16:33 2022

# Variables

 
# environment
JAVA_HOME = /usr/lib/jvm/jdk-17.0.3+7
# environment
GDK_BACKEND = x11
# environment
LC_ALL = C
# makefile (from 'Makefile', line 12)
SRC := src
# environment
GTK_RC_FILES = /etc/gtk/gtkrc:/home/parrot-dev/.gtkrc:/home/parrot-dev/.config/gtkrc
# makefile (from 'Makefile', line 31)
TEMPDIR := temp
# environment
VSCODE_IPC_HOOK_EXTHOST = /run/user/1000/vscode-ipc-581c0ca0-0c2c-4192-9534-55892706eb4c.sock
# environment
LC_NAME = pt_PT.UTF-8
# environment
LC_NUMERIC = pt_PT.UTF-8
# environment
VSCODE_CWD = /home/parrot-dev
# makefile (from 'Makefile', line 10)
APP := app
# environment
LC_ADDRESS = pt_PT.UTF-8
# default
MAKE_COMMAND := make
# environment
GTK3_MODULES = xapp-gtk3-module
# environment
QT_ACCESSIBILITY = 1
# automatic
@D = $(patsubst %/,%,$(dir $@))
# environment
VSCODE_HANDLES_UNCAUGHT_ERRORS = true
# default
.VARIABLES := 
# environment
PWD = /home/parrot-dev/Documents/GitHub/vs-make-project
# automatic
%D = $(patsubst %/,%,$(dir $%))
# automatic
^D = $(patsubst %/,%,$(dir $^))
# environment
VSCODE_LOG_STACK = false
# automatic
%F = $(notdir $%)
# environment
VSCODE_CODE_CACHE_PATH = /home/parrot-dev/.config/Code/CachedData/da15b6fd3ef856477bf6f4fb29ba1b7af717770d
# environment
XDG_SESSION_PATH = /org/freedesktop/DisplayManager/Session1
# environment
LANG = C
# environment
XAUTHORITY = /home/parrot-dev/.Xauthority
# default
.LOADED := 
# default
.INCLUDE_DIRS = /usr/local/include /usr/include /usr/include
# makefile
MAKEFLAGS = pqrR
# makefile (from 'Makefile', line 29)
SOURCEDIR := src
# makefile
CURDIR := /home/parrot-dev/Documents/GitHub/vs-make-project
# environment
VSCODE_PIPE_LOGGING = true
# environment
APPLICATION_INSIGHTS_NO_DIAGNOSTIC_CHANNEL = 1
# automatic
*D = $(patsubst %/,%,$(dir $*))
# environment
PAM_KWALLET5_LOGIN = /run/user/1000/kwallet5.socket
# environment
MFLAGS = -pqrR
# environment
SSH_AUTH_SOCK = /tmp/ssh-n5pDGMvHnsLh/agent.1309
# default
.SHELLFLAGS := -c
# automatic
+D = $(patsubst %/,%,$(dir $+))
# environment
XCURSOR_THEME = breeze_cursors
# environment
XDG_SESSION_DESKTOP = KDE
# makefile (from 'Makefile', line 1)
MAKEFILE_LIST := Makefile
# automatic
@F = $(notdir $@)
# makefile (from 'Makefile', line 42)
APPFILE := app/app
# environment
VSCODE_VERBOSE_LOGGING = true
# environment
VSCODE_PID = 4589
# environment
XDG_SESSION_TYPE = x11
# makefile (from 'Makefile', line 28)
APPNAME := app
# automatic
?D = $(patsubst %/,%,$(dir $?))
# environment
SESSION_MANAGER = local/parrot-dev:@/tmp/.ICE-unix/1788,unix/parrot-dev:/tmp/.ICE-unix/1788
# automatic
*F = $(notdir $*)
# environment
CHROME_DESKTOP = code-url-handler.desktop
# environment
DBUS_SESSION_BUS_ADDRESS = unix:path=/run/user/1000/bus
# automatic
<D = $(patsubst %/,%,$(dir $<))
# environment
VSCODE_NLS_CONFIG = {"locale":"en-us","availableLanguages":{},"_languagePackSupport":true}
# makefile (from 'Makefile', line 11)
INCLUDE := include
# default
MAKE_HOST := x86_64-pc-linux-gnu
# makefile
SHELL = /bin/sh
# default
MAKECMDGOALS := all
# environment
PLATFORMIO_CALLER = vscode
# environment
XMODIFIERS = @im=ibus
# environment
SHLVL = 0
# environment
MAKELEVEL := 0
# makefile (from 'Makefile', line 32)
APPDIR := app
# default
MAKE = $(MAKE_COMMAND)
# environment
PATH = /snap/bin:/usr/local/bin:/usr/bin:/bin:/usr/local/games:/usr/games:/usr/share/games:/usr/local/sbin:/usr/sbin:/sbin:/home/parrot-dev/.local/bin:/snap/bin:/usr/local/bin:/usr/bin:/bin:/usr/local/games:/usr/games:/usr/lib/jvm/jdk-17.0.3+7
# default
MAKEFILES := 
# environment
LC_MONETARY = pt_PT.UTF-8
# automatic
^F = $(notdir $^)
# environment
LC_TIME = pt_PT.UTF-8
# makefile (from 'Makefile', line 35)
MAKEDIR := mkdir -p
# environment
VSCODE_LOG_NATIVE = false
# environment
LC_TELEPHONE = pt_PT.UTF-8
# automatic
?F = $(notdir $?)
# environment
KDE_APPLICATIONS_AS_SCOPE = 1
# environment
XDG_SEAT = seat0
# environment
GTK_IM_MODULE = ibus
# environment
NO_PROXY = 127.0.0.1
# environment
XDG_CURRENT_DESKTOP = KDE
# makefile (from 'Makefile', line 30)
INCLUDEDIR := include
# environment
LS_COLORS = 
# automatic
+F = $(notdir $+)
# environment
XDG_SEAT_PATH = /org/freedesktop/DisplayManager/Seat0
# environment
DESKTOP_SESSION = plasma
# environment
ORIGINAL_XDG_CURRENT_DESKTOP = KDE
# makefile (from 'Makefile', line 41)
OBJECTS := $(subst ,, )
# 'override' directive
GNUMAKEFLAGS := 
# environment
CLUTTER_IM_MODULE = ibus
# environment
LOGNAME = parrot-dev
# environment
PLATFORMIO_PATH = /home/parrot-dev/.platformio/penv/bin:/home/parrot-dev/.platformio/penv:/home/parrot-dev/.platformio/python3/bin:/snap/bin:/usr/local/bin:/usr/bin:/bin:/usr/local/games:/usr/games:/usr/share/games:/usr/local/sbin:/usr/sbin:/sbin:/home/parrot-dev/.local/bin:/snap/bin:/usr/local/bin:/usr/bin:/bin:/usr/local/games:/usr/games:/usr/lib/jvm/jdk-17.0.3+7
# environment
XDG_VTNR = 7
# makefile
.DEFAULT_GOAL := all
# environment
DISPLAY = :0
# environment
USER = parrot-dev
# environment
GTK_MODULES = gail:atk-bridge
# default
MAKE_VERSION := 4.3
# environment
KDE_SESSION_UID = 1000
# 'override' directive
.SHELLSTATUS := 0
# makefile (from 'Makefile', line 33)
FIXPATH = $1
# environment
LC_MEASUREMENT = pt_PT.UTF-8
# environment
SSH_AGENT_PID = 1449
# environment
_ = /usr/share/code/code
# environment
LC_PAPER = pt_PT.UTF-8
# environment
XDG_RUNTIME_DIR = /run/user/1000
# makefile (from 'Makefile', line 5)
CFLAGS = -Wall -Wextra -g
# environment
GPG_AGENT_INFO = /run/user/1000/gnupg/S.gpg-agent:0:1
# environment
XDG_SESSION_CLASS = user
# environment
VSCODE_AMD_ENTRYPOINT = vs/workbench/api/node/extensionHostProcess
# environment
PLATFORMIO_IDE = 2.4.3
# environment
GTK2_RC_FILES = /etc/gtk-2.0/gtkrc:/home/parrot-dev/.gtkrc-2.0:/home/parrot-dev/.config/gtkrc-2.0
# environment
HOME = /home/parrot-dev
# environment
QT_IM_MODULE = ibus
# makefile (from 'Makefile', line 34)
REMOVE = rm -f
# environment
ELECTRON_RUN_AS_NODE = 1
# environment
VSCODE_IPC_HOOK = /run/user/1000/vscode-67c16341-1.67.1-main.sock
# makefile (from 'Makefile', line 13)
TEMP := temp
# environment
XDG_SESSION_ID = 3
# environment
XCURSOR_SIZE = 24
# default
.RECIPEPREFIX := 
# automatic
<F = $(notdir $<)
# default
SUFFIXES := 
# environment
QT_AUTO_SCREEN_SCALE_FACTOR = 0
# environment
KDE_SESSION_VERSION = 5
# default
.FEATURES := target-specific order-only second-expansion else-if shortest-stem undefine oneshell nocomment grouped-target extra-prereqs archives jobserver output-sync check-symlink load
# makefile (from 'Makefile', line 2)
CC = gcc
# makefile (from 'Makefile', line 40)
SOURCES := src/main.c src/teste.c 
# environment
KDE_FULL_SESSION = true
# environment
LC_IDENTIFICATION = pt_PT.UTF-8
# variable set hash-table stats:
# Load=129/1024=13%, Rehash=0, Collisions=8/200=4%

# Pattern-specific Variable Values

# No pattern-specific variable values.

# Directories

# src (device 39, inode 571779): 4 files, no impossibilities.
# . (device 39, inode 571737): 11 files, no impossibilities.

# 15 files, no impossibilities in 2 directories.

# Implicit Rules

# No implicit rules.

# Files

compile:
#  Implicit rule search has not been done.
#  Implicit/static pattern stem: ''
#  File does not exist.
#  File has been updated.
#  Needs to be updated (-q is set).
# automatic
# @ := compile
# automatic
# * := 
# automatic
# < := 
# automatic
# + := 
# automatic
# % := 
# automatic
# ^ := 
# automatic
# ? := 
# automatic
# | := 
# variable set hash-table stats:
# Load=8/32=25%, Rehash=0, Collisions=3/21=14%
#  recipe to execute (from 'Makefile', line 50):
	@echo "Compiling..."
	$(CC) $(CFLAGS) -c  $(SOURCEDIR)/teste.c -I $(INCLUDEDIR)/ -o $(TEMPDIR)/teste.o
	$(CC) $(CFLAGS) -c  $(SOURCEDIR)/main.c -I $(INCLUDEDIR)/ -o $(TEMPDIR)/main.o

# Not a target:
Makefile:
#  Implicit rule search has been done.
#  Last modified 2022-05-11 17:10:33.040565697
#  File has been updated.
#  Successfully updated.

clean:
#  Implicit rule search has not been done.
#  Modification time never checked.
#  File has not been updated.
#  recipe to execute (from 'Makefile', line 63):
	$(REMOVE) ./temp/*.o
	$(REMOVE) ./app/*
	@echo "All cleaned"

# Not a target:
.DEFAULT:
#  Implicit rule search has not been done.
#  Modification time never checked.
#  File has not been updated.

all: compile build run
#  Command line target.
#  Implicit rule search has been done.
#  File does not exist.
#  File has been updated.
#  Needs to be updated (-q is set).
 
# variable set hash-table stats:
# Load=0/32=0%, Rehash=0, Collisions=0/13=0%

run:
#  Implicit rule search has not been done.
#  Modification time never checked.
#  File has not been updated.
#  recipe to execute (from 'Makefile', line 59):
	./$(APPFILE)
	@echo "All done!"

build:
#  Implicit rule search has not been done.
#  Modification time never checked.
#  File has not been updated.
#  recipe to execute (from 'Makefile', line 55):
	@echo "Building..."
	$(CC) $(CFLAGS) $(TEMPDIR)/*.o -I $(INCLUDEDIR)/ -o $(APPDIR)/app

# Not a target:
.SUFFIXES:
#  Implicit rule search has not been done.
#  Modification time never checked.
#  File has not been updated.

# files hash-table stats:
# Load=8/1024=1%, Rehash=0, Collisions=0/26=0%
# VPATH Search Paths

# No 'vpath' search paths.

# No general ('VPATH' variable) search path.

# strcache buffers: 1 (0) / strings = 22 / storage = 165 B / avg = 7 B
# current buf: size = 8162 B / used = 165 B / count = 22 / avg = 7 B

# strcache performance: lookups = 39 / hit rate = 43%
# hash-table stats:
# Load=22/8192=0%, Rehash=0, Collisions=0/39=0%
# Finished Make data base on Wed May 11 17:16:33 2022

 
